<?xml version="1.0" encoding="UTF-8"?>
<!-- Generated by org.testng.reporters.JUnitReportReporter -->
<testsuite hostname="LAPTOP-B1DFVDTC" failures="0" tests="1" name="Defination_file.TestRunner" time="22.269" errors="0" timestamp="2023-07-11T19:27:20 IST" skipped="0">
  <testcase classname="Defination_file.TestRunner" name="runScenario" time="22.269"/>
  <system-out/>
</testsuite> <!-- Defination_file.TestRunner -->
